Using pre-set license

 COMMAND LINE ARGUMENTS:
/Applications/Unity/Hub/Editor/2020.2.6f1/Unity.app/Contents/MacOS/Unity
-adb2
-batchMode
-noUpm
-name
AssetImportWorker0
-projectPath
/Users/kyle.s700/Desktop/Grahpics-And-Animation-Simester-2/Animations/Avatar Animation
-logFile
Logs/AssetImportWorker0.log
-srvPort
51059
Successfully changed project path to: /Users/kyle.s700/Desktop/Grahpics-And-Animation-Simester-2/Animations/Avatar Animation
/Users/kyle.s700/Desktop/Grahpics-And-Animation-Simester-2/Animations/Avatar Animation
Using Asset Import Pipeline V2.
Refreshing native plugins compatible for Editor in 21.71 ms, found 1 plugins.
Preloading 0 native plugins for Editor in 0.00 ms.
Initialize engine version: 2020.2.6f1 (8a2143876886)
[Subsystems] Discovering subsystems at path /Applications/Unity/Hub/Editor/2020.2.6f1/Unity.app/Contents/Resources/UnitySubsystems
[Subsystems] Discovering subsystems at path /Users/kyle.s700/Desktop/Grahpics-And-Animation-Simester-2/Animations/Avatar Animation/Assets
GfxDevice: creating device client; threaded=0
2021-03-29 09:50:43.719 Unity[6297:50750] iMac preferred device: AMD Radeon Pro 580 (high power)
2021-03-29 09:50:43.719 Unity[6297:50750] Metal devices available: 1
2021-03-29 09:50:43.719 Unity[6297:50750] 0: AMD Radeon Pro 580 (high power)
2021-03-29 09:50:43.720 Unity[6297:50750] Using device AMD Radeon Pro 580 (high power)
Initializing Metal device caps: AMD Radeon Pro 580
Initialize mono
Mono path[0] = '/Applications/Unity/Hub/Editor/2020.2.6f1/Unity.app/Contents/Managed'
Mono path[1] = '/Applications/Unity/Hub/Editor/2020.2.6f1/Unity.app/Contents/MonoBleedingEdge/lib/mono/unityjit'
Mono config path = '/Applications/Unity/Hub/Editor/2020.2.6f1/Unity.app/Contents/MonoBleedingEdge/etc'
Using monoOptions --debugger-agent=transport=dt_socket,embedding=1,server=y,suspend=n,address=127.0.0.1:56297
Begin MonoManager ReloadAssembly
Error scanning for extension ivy.xml files: System.UnauthorizedAccessException: Access to the path '/Applications/Unity/Hub/Editor/2020.2.6f1/PlaybackEngines/WebGLSupport/BuildTools/Emscripten_Mac/node' is denied.
  at System.IO.__Error.WinIOError (System.Int32 errorCode, System.String maybeFullPath) [0x00129] in <eae584ce26bc40229c1b1aa476bfa589>:0 
  at System.IO.FileSystemEnumerableIterator`1[TSource].HandleError (System.Int32 hr, System.String path) [0x00006] in <eae584ce26bc40229c1b1aa476bfa589>:0 
  at System.IO.FileSystemEnumerableIterator`1[TSource].AddSearchableDirsToStack (System.IO.Directory+SearchData localSearchData) [0x00053] in <eae584ce26bc40229c1b1aa476bfa589>:0 
  at System.IO.FileSystemEnumerableIterator`1[TSource].MoveNext () [0x0008e] in <eae584ce26bc40229c1b1aa476bfa589>:0 
  at System.Collections.Generic.List`1[T]..ctor (System.Collections.Generic.IEnumerable`1[T] collection) [0x00077] in <eae584ce26bc40229c1b1aa476bfa589>:0 
  at System.IO.Directory.InternalGetFileDirectoryNames (System.String path, System.String userPathOriginal, System.String searchPattern, System.Boolean includeFiles, System.Boolean includeDirs, System.IO.SearchOption searchOption, System.Boolean checkHost) [0x0000f] in <eae584ce26bc40229c1b1aa476bfa589>:0 
  at System.IO.Directory.InternalGetFiles (System.String path, System.String searchPattern, System.IO.SearchOption searchOption) [0x00000] in <eae584ce26bc40229c1b1aa476bfa589>:0 
  at System.IO.Directory.GetFiles (System.String path, System.String searchPattern, System.IO.SearchOption searchOption) [0x00038] in <eae584ce26bc40229c1b1aa476bfa589>:0 
  at UnityEditor.Modules.ModuleManager.LoadLegacyExtensionsFromIvyFiles () [0x000a5] in /Users/bokken/buildslave/unity/build/Editor/Mono/Modules/ModuleManager.cs:253 
Registering precompiled unity dll's ...
Register platform support module: /Applications/Unity/Hub/Editor/2020.2.6f1/PlaybackEngines/WebGLSupport/UnityEditor.WebGL.Extensions.dll
Register platform support module: /Applications/Unity/Hub/Editor/2020.2.6f1/Unity.app/Contents/PlaybackEngines/MacStandaloneSupport/UnityEditor.OSXStandalone.Extensions.dll
Register platform support module: /Applications/Unity/Hub/Editor/2020.2.6f1/PlaybackEngines/WindowsStandaloneSupport/UnityEditor.WindowsStandalone.Extensions.dll
Registered in 0.000708 seconds.
Native extension for WindowsStandalone target not found
Native extension for OSXStandalone target not found
Native extension for WebGL target not found
Refreshing native plugins compatible for Editor in 20.71 ms, found 1 plugins.
Preloading 0 native plugins for Editor in 0.00 ms.
Invoked RoslynAnalysisRunner static constructor.
RoslynAnalysisRunner will not be running.
RoslynAnalysisRunner has terminated.
Mono: successfully reloaded assembly
- Completed reload, in  3.791 seconds
Platform modules already initialized, skipping
Registering precompiled user dll's ...
Registered in 0.000329 seconds.
Begin MonoManager ReloadAssembly
Native extension for WindowsStandalone target not found
Native extension for OSXStandalone target not found
Native extension for WebGL target not found
Refreshing native plugins compatible for Editor in 0.18 ms, found 1 plugins.
Preloading 0 native plugins for Editor in 0.00 ms.
Invoked RoslynAnalysisRunner static constructor.
RoslynAnalysisRunner will not be running.
RoslynAnalysisRunner has terminated.
Mono: successfully reloaded assembly
- Completed reload, in  0.854 seconds
Platform modules already initialized, skipping
========================================================================
Worker process is ready to serve import requests
Launching external process: /Applications/Unity/Hub/Editor/2020.2.6f1/Unity.app/Contents/Tools/UnityShaderCompiler
Launched and connected shader compiler UnityShaderCompiler after 0.01 seconds
Refreshing native plugins compatible for Editor in 0.18 ms, found 1 plugins.
Preloading 0 native plugins for Editor in 0.00 ms.
Unloading 1103 Unused Serialized files (Serialized files now loaded: 0)
System memory in use before: 111.9 MB.
System memory in use after: 112.0 MB.

Unloading 10 unused Assets to reduce memory usage. Loaded Objects now: 1544.
Total: 2.076155 ms (FindLiveObjects: 0.147151 ms CreateObjectMapping: 0.041496 ms MarkObjects: 1.780746 ms  DeleteObjects: 0.105159 ms)

========================================================================
Received Import Request.
  path: Assets/Sitting Clap.fbx
  artifactKey: Guid(339db8322f25e4923b891a737ce4fa1a) Importer(815301076,1909f56bfc062723c751e8b465ee728b)
Start importing Assets/Sitting Clap.fbx using Guid(339db8322f25e4923b891a737ce4fa1a) Importer(815301076,1909f56bfc062723c751e8b465ee728b)  -> (artifact id: '8977d676a332adc0817e179a6b4bc34b') in 0.586112 seconds
  Import took 0.596403 seconds .

========================================================================
Received Import Request.
  Time since last request: 249.787312 seconds.
  path: Assets/Sword And Shield Idle.fbx
  artifactKey: Guid(883b5be5b67af488db8809dc26fc9f36) Importer(815301076,1909f56bfc062723c751e8b465ee728b)
Start importing Assets/Sword And Shield Idle.fbx using Guid(883b5be5b67af488db8809dc26fc9f36) Importer(815301076,1909f56bfc062723c751e8b465ee728b)  -> (artifact id: '3aa8d0c603dec9120383513e3a9c5b23') in 0.031574 seconds
  Import took 0.033949 seconds .

========================================================================
Received Import Request.
  Time since last request: 0.001302 seconds.
  path: Assets/Sword And Shield Idle.fbx
  artifactKey: Guid(883b5be5b67af488db8809dc26fc9f36) Importer(815301076,1909f56bfc062723c751e8b465ee728b)
Start importing Assets/Sword And Shield Idle.fbx using Guid(883b5be5b67af488db8809dc26fc9f36) Importer(815301076,1909f56bfc062723c751e8b465ee728b)  -> (artifact id: '3aa8d0c603dec9120383513e3a9c5b23') in 0.029423 seconds
  Import took 0.031748 seconds .

